train_loss	1.956781
test_acc	0.319000
train_loss	1.958251
train_loss	1.946619
train_loss	1.916705
train_loss	1.904846
train_loss	1.872807
train_loss	1.839367
train_loss	1.806623
train_loss	1.728322
train_loss	1.635297
train_loss	1.632088
test_acc	0.533000
train_loss	1.520980
train_loss	1.435810
train_loss	1.234460
train_loss	1.134726
train_loss	1.036317
train_loss	0.957421
train_loss	0.972035
train_loss	0.893375
train_loss	0.743307
train_loss	0.714468
test_acc	0.698000
train_loss	0.655586
train_loss	0.605806
train_loss	0.661530
train_loss	0.552138
train_loss	0.694044
train_loss	0.549765
train_loss	0.387944
train_loss	0.408150
train_loss	0.370582
train_loss	0.414775
test_acc	0.723000
train_loss	0.359671
train_loss	0.351678
train_loss	0.413346
train_loss	0.467208
train_loss	0.380360
train_loss	0.351639
train_loss	0.366834
train_loss	0.336275
train_loss	0.360215
train_loss	0.418991
test_acc	0.740000
train_loss	0.281600
train_loss	0.414762
train_loss	0.327877
train_loss	0.364848
train_loss	0.299455
train_loss	0.294568
train_loss	0.353936
train_loss	0.214818
train_loss	0.330282
train_loss	0.321398
test_acc	0.749000
train_loss	0.247768
train_loss	0.287493
train_loss	0.269955
train_loss	0.310944
train_loss	0.245455
train_loss	0.269343
train_loss	0.299317
train_loss	0.271970
train_loss	0.261930
train_loss	0.204985
test_acc	0.750000
train_loss	0.243109
train_loss	0.199524
train_loss	0.244933
train_loss	0.320465
train_loss	0.240378
train_loss	0.188169
train_loss	0.282668
train_loss	0.260640
train_loss	0.247183
train_loss	0.207702
test_acc	0.750000
train_loss	0.223264
train_loss	0.183451
train_loss	0.178612
train_loss	0.237182
train_loss	0.243899
train_loss	0.176452
train_loss	0.247761
train_loss	0.234894
train_loss	0.242209
train_loss	0.315796
test_acc	0.741000
train_loss	0.283375
train_loss	0.169387
train_loss	0.193733
train_loss	0.180751
train_loss	0.183164
train_loss	0.355204
train_loss	0.239892
train_loss	0.160064
train_loss	0.185073
train_loss	0.288271
test_acc	0.708000
train_loss	0.238403
train_loss	0.237070
train_loss	0.185264
train_loss	0.195285
train_loss	0.251225
train_loss	0.196635
train_loss	0.186415
train_loss	0.207564
train_loss	0.206455
train_loss	0.229278
test_acc	0.755000
train_loss	0.283585
train_loss	0.232540
train_loss	0.227037
train_loss	0.190819
train_loss	0.224442
train_loss	0.197293
train_loss	0.150936
train_loss	0.163245
train_loss	0.184298
train_loss	0.199984
test_acc	0.756000
train_loss	0.172949
train_loss	0.168338
train_loss	0.115212
train_loss	0.191557
train_loss	0.167868
train_loss	0.173842
train_loss	0.136330
train_loss	0.103685
train_loss	0.106752
train_loss	0.154438
test_acc	0.744000
train_loss	0.166237
train_loss	0.225401
train_loss	0.335358
train_loss	0.116274
train_loss	0.170003
train_loss	0.224304
train_loss	0.248101
train_loss	0.129131
train_loss	0.170791
train_loss	0.178429
test_acc	0.745000
train_loss	0.151571
train_loss	0.212221
train_loss	0.192409
train_loss	0.218766
train_loss	0.149567
train_loss	0.133348
train_loss	0.177215
train_loss	0.145680
train_loss	0.172532
train_loss	0.199222
test_acc	0.757000
train_loss	0.166275
train_loss	0.147046
train_loss	0.101326
train_loss	0.195828
train_loss	0.114286
train_loss	0.233253
train_loss	0.144165
train_loss	0.174499
train_loss	0.148177
train_loss	0.179940
test_acc	0.739000
train_loss	0.191196
train_loss	0.095372
train_loss	0.094514
train_loss	0.213650
train_loss	0.160556
train_loss	0.202220
train_loss	0.142739
train_loss	0.186720
train_loss	0.217837
train_loss	0.176848
test_acc	0.771000
train_loss	0.191324
train_loss	0.125154
train_loss	0.118669
train_loss	0.266361
train_loss	0.123371
train_loss	0.165676
train_loss	0.208270
train_loss	0.126653
train_loss	0.116041
train_loss	0.141268
test_acc	0.755000
train_loss	0.189446
train_loss	0.201083
train_loss	0.152304
train_loss	0.248820
train_loss	0.106912
train_loss	0.248037
train_loss	0.297220
train_loss	0.197013
train_loss	0.106464
train_loss	0.142937
test_acc	0.738000
train_loss	0.164820
train_loss	0.201581
train_loss	0.129072
train_loss	0.180607
train_loss	0.236817
train_loss	0.143661
train_loss	0.162509
train_loss	0.177795
train_loss	0.208815
train_loss	0.249534
test_acc	0.737000
train_loss	0.116709
train_loss	0.130961
train_loss	0.083582
train_loss	0.187771
train_loss	0.206805
train_loss	0.185248
train_loss	0.182992
train_loss	0.151627
train_loss	0.140490
train_loss	0.153575
test_acc	0.746000
train_loss	0.081619
train_loss	0.154131
train_loss	0.175429
train_loss	0.155767
train_loss	0.134767
train_loss	0.124855
train_loss	0.203014
train_loss	0.163060
train_loss	0.138026
train_loss	0.172337
test_acc	0.737000
train_loss	0.119873
train_loss	0.140829
train_loss	0.112660
train_loss	0.094696
train_loss	0.142766
train_loss	0.128559
train_loss	0.180907
train_loss	0.155447
train_loss	0.103311
train_loss	0.137763
test_acc	0.744000
train_loss	0.118802
train_loss	0.120469
train_loss	0.117500
train_loss	0.136279
train_loss	0.176827
train_loss	0.177606
train_loss	0.141502
train_loss	0.096194
train_loss	0.153338
train_loss	0.078203
test_acc	0.737000
train_loss	0.110902
train_loss	0.125701
train_loss	0.092627
train_loss	0.114631
train_loss	0.154713
train_loss	0.140667
train_loss	0.116752
train_loss	0.144854
train_loss	0.093051
train_loss	0.094305
test_acc	0.743000
train_loss	0.125441
train_loss	0.103951
train_loss	0.126527
train_loss	0.099225
train_loss	0.110935
train_loss	0.129249
train_loss	0.176270
train_loss	0.083000
train_loss	0.085601
train_loss	0.157741
test_acc	0.734000
train_loss	0.140166
train_loss	0.119352
train_loss	0.109540
train_loss	0.202279
train_loss	0.111560
train_loss	0.134208
train_loss	0.151074
train_loss	0.087367
train_loss	0.121835
train_loss	0.167831
test_acc	0.751000
train_loss	0.230548
train_loss	0.131338
train_loss	0.175940
train_loss	0.167101
train_loss	0.173766
train_loss	0.132579
train_loss	0.144442
train_loss	0.120822
train_loss	0.116491
train_loss	0.135758
test_acc	0.732000
train_loss	0.151469
train_loss	0.166756
train_loss	0.138650
train_loss	0.130294
train_loss	0.163195
train_loss	0.152808
train_loss	0.194191
train_loss	0.114932
train_loss	0.204535
train_loss	0.115402
test_acc	0.732000
train_loss	0.117716
train_loss	0.110292
train_loss	0.183082
train_loss	0.173631
train_loss	0.115340
train_loss	0.207519
train_loss	0.115925
train_loss	0.146880
train_loss	0.163601
train_loss	0.168530
test_acc	0.744000
train_loss	0.108773
train_loss	0.226227
train_loss	0.151280
train_loss	0.087060
train_loss	0.133734
train_loss	0.121805
train_loss	0.170986
train_loss	0.142037
train_loss	0.109370
train_loss	0.140322
test_acc	0.739000
train_loss	0.180033
train_loss	0.168580
train_loss	0.141579
train_loss	0.187995
train_loss	0.138690
train_loss	0.133389
train_loss	0.174592
train_loss	0.130149
train_loss	0.143511
train_loss	0.148118
test_acc	0.750000
train_loss	0.112833
train_loss	0.153059
train_loss	0.124052
train_loss	0.146905
train_loss	0.144414
train_loss	0.142103
train_loss	0.111820
train_loss	0.131988
train_loss	0.129976
train_loss	0.146311
test_acc	0.724000
train_loss	0.169706
train_loss	0.117599
train_loss	0.110882
train_loss	0.138602
train_loss	0.208989
train_loss	0.204793
train_loss	0.097256
train_loss	0.137080
train_loss	0.123951
train_loss	0.165808
test_acc	0.744000
train_loss	0.060636
train_loss	0.181509
train_loss	0.105865
train_loss	0.137324
train_loss	0.111867
train_loss	0.114393
train_loss	0.146344
train_loss	0.114230
train_loss	0.106213
train_loss	0.136811
test_acc	0.735000
train_loss	0.104293
train_loss	0.137263
train_loss	0.087663
train_loss	0.071952
train_loss	0.206214
train_loss	0.193699
train_loss	0.090737
train_loss	0.074446
train_loss	0.091700
train_loss	0.138920
test_acc	0.740000
train_loss	0.168248
train_loss	0.175869
train_loss	0.103205
train_loss	0.133634
train_loss	0.127364
train_loss	0.164928
train_loss	0.117151
train_loss	0.104362
train_loss	0.122880
train_loss	0.150543
test_acc	0.747000
train_loss	0.137713
train_loss	0.151730
train_loss	0.146046
train_loss	0.160883
train_loss	0.167307
train_loss	0.089516
train_loss	0.126852
train_loss	0.123972
train_loss	0.163356
train_loss	0.120080
test_acc	0.750000
train_loss	0.106740
train_loss	0.149650
train_loss	0.130484
train_loss	0.117532
train_loss	0.119060
train_loss	0.105713
train_loss	0.089230
train_loss	0.084008
train_loss	0.125300
train_loss	0.079046
test_acc	0.752000
train_loss	0.128198
train_loss	0.108055
train_loss	0.131923
train_loss	0.141195
train_loss	0.172130
train_loss	0.109500
train_loss	0.073818
train_loss	0.100834
train_loss	0.153022
train_loss	0.094993
test_acc	0.743000
train_loss	0.140122
train_loss	0.135188
train_loss	0.065381
train_loss	0.112652
train_loss	0.154251
train_loss	0.120206
train_loss	0.114047
train_loss	0.226268
train_loss	0.086207
train_loss	0.081397
test_acc	0.743000
train_loss	0.184845
train_loss	0.124490
train_loss	0.119386
train_loss	0.141084
train_loss	0.180810
train_loss	0.108560
train_loss	0.130630
train_loss	0.137347
train_loss	0.132973
train_loss	0.098455
test_acc	0.752000
train_loss	0.145248
train_loss	0.109135
train_loss	0.102242
train_loss	0.100036
train_loss	0.099320
train_loss	0.155889
train_loss	0.110963
train_loss	0.145747
train_loss	0.128043
train_loss	0.108105
test_acc	0.753000
train_loss	0.135122
train_loss	0.098009
train_loss	0.124435
train_loss	0.134390
train_loss	0.195995
train_loss	0.089877
train_loss	0.107878
train_loss	0.109571
train_loss	0.140548
train_loss	0.140732
test_acc	0.746000
train_loss	0.100366
train_loss	0.066901
train_loss	0.124214
train_loss	0.145010
train_loss	0.128544
train_loss	0.233385
train_loss	0.139467
train_loss	0.121959
train_loss	0.137665
train_loss	0.109174
test_acc	0.757000
train_loss	0.083761
train_loss	0.132973
train_loss	0.119322
train_loss	0.185359
train_loss	0.121189
train_loss	0.153140
train_loss	0.119496
train_loss	0.127860
train_loss	0.102411
train_loss	0.084012
test_acc	0.740000
train_loss	0.135223
train_loss	0.133131
train_loss	0.118541
train_loss	0.096920
train_loss	0.093146
train_loss	0.121237
train_loss	0.131627
train_loss	0.085698
train_loss	0.140949
train_loss	0.128713
test_acc	0.765000
train_loss	0.071465
train_loss	0.120052
train_loss	0.135887
train_loss	0.186311
train_loss	0.120823
train_loss	0.157820
train_loss	0.089776
train_loss	0.097885
train_loss	0.145975
train_loss	0.086046
test_acc	0.758000
train_loss	0.094508
train_loss	0.124567
train_loss	0.108207
train_loss	0.166639
train_loss	0.135029
train_loss	0.169176
train_loss	0.122516
train_loss	0.149809
train_loss	0.151627
train_loss	0.113938
test_acc	0.743000
train_loss	0.095899
train_loss	0.090336
train_loss	0.136207
train_loss	0.102837
train_loss	0.117758
train_loss	0.096426
train_loss	0.121010
train_loss	0.150351
train_loss	0.138265
train_loss	0.119990
test_acc	0.751000
train_loss	0.135114
train_loss	0.102935
train_loss	0.095328
train_loss	0.100849
train_loss	0.107648
train_loss	0.093293
train_loss	0.118085
train_loss	0.067366
train_loss	0.092150
