train_loss	1.950953
test_acc	0.112000
train_loss	1.943222
train_loss	1.923542
train_loss	1.924157
train_loss	1.912972
train_loss	1.875946
train_loss	1.810525
train_loss	1.784256
train_loss	1.706795
train_loss	1.661768
train_loss	1.598214
test_acc	0.489000
train_loss	1.527195
train_loss	1.538899
train_loss	1.401625
train_loss	1.397971
train_loss	1.277719
train_loss	1.176715
train_loss	1.129759
train_loss	1.026196
train_loss	0.972635
train_loss	0.954163
test_acc	0.717000
train_loss	0.892011
train_loss	0.812385
train_loss	0.800701
train_loss	0.767543
train_loss	0.722275
train_loss	0.663465
train_loss	0.590173
train_loss	0.687322
train_loss	0.640839
train_loss	0.687771
test_acc	0.742000
train_loss	0.581611
train_loss	0.498733
train_loss	0.499766
train_loss	0.432358
train_loss	0.516468
train_loss	0.449928
train_loss	0.590496
train_loss	0.374018
train_loss	0.383389
train_loss	0.438110
test_acc	0.757000
train_loss	0.294431
train_loss	0.370474
train_loss	0.300080
train_loss	0.336386
train_loss	0.299340
train_loss	0.301792
train_loss	0.345698
train_loss	0.336874
train_loss	0.253121
train_loss	0.254936
test_acc	0.770000
train_loss	0.246623
train_loss	0.293765
train_loss	0.189489
train_loss	0.297249
train_loss	0.247313
train_loss	0.255812
train_loss	0.290083
train_loss	0.271668
train_loss	0.310237
train_loss	0.225411
test_acc	0.756000
train_loss	0.248697
train_loss	0.162720
train_loss	0.243609
train_loss	0.233373
train_loss	0.224595
train_loss	0.178385
train_loss	0.278732
train_loss	0.217599
train_loss	0.129205
train_loss	0.201246
test_acc	0.766000
train_loss	0.238265
train_loss	0.160689
train_loss	0.158368
train_loss	0.195389
train_loss	0.176617
train_loss	0.230798
train_loss	0.194317
train_loss	0.215756
train_loss	0.204109
train_loss	0.226475
test_acc	0.736000
train_loss	0.315492
train_loss	0.224275
train_loss	0.179901
train_loss	0.193575
train_loss	0.221445
train_loss	0.314397
train_loss	0.214491
train_loss	0.158789
train_loss	0.249114
train_loss	0.173193
test_acc	0.769000
train_loss	0.315196
train_loss	0.144147
train_loss	0.187933
train_loss	0.240378
train_loss	0.251263
train_loss	0.158750
train_loss	0.222442
train_loss	0.221451
train_loss	0.177977
train_loss	0.237669
test_acc	0.759000
train_loss	0.257045
train_loss	0.186210
train_loss	0.176049
train_loss	0.128632
train_loss	0.237959
train_loss	0.105552
train_loss	0.191846
train_loss	0.162312
train_loss	0.193372
train_loss	0.154416
test_acc	0.750000
train_loss	0.171318
train_loss	0.218981
train_loss	0.156900
train_loss	0.110217
train_loss	0.186903
train_loss	0.191129
train_loss	0.206525
train_loss	0.140611
train_loss	0.264097
train_loss	0.215060
test_acc	0.760000
train_loss	0.354246
train_loss	0.152812
train_loss	0.182657
train_loss	0.223266
train_loss	0.144656
train_loss	0.238123
train_loss	0.124335
train_loss	0.165770
train_loss	0.173571
train_loss	0.196181
test_acc	0.776000
train_loss	0.142297
train_loss	0.145887
train_loss	0.189994
train_loss	0.141713
train_loss	0.138691
train_loss	0.157632
train_loss	0.132221
train_loss	0.094803
train_loss	0.117770
train_loss	0.079582
test_acc	0.753000
train_loss	0.110314
train_loss	0.105861
train_loss	0.174290
train_loss	0.221229
train_loss	0.190141
train_loss	0.185766
train_loss	0.185484
train_loss	0.230218
train_loss	0.103293
train_loss	0.154079
test_acc	0.752000
train_loss	0.180054
train_loss	0.157118
train_loss	0.161319
train_loss	0.135115
train_loss	0.120750
train_loss	0.198172
train_loss	0.169908
train_loss	0.155958
train_loss	0.164260
train_loss	0.182383
test_acc	0.753000
train_loss	0.136926
train_loss	0.142962
train_loss	0.146214
train_loss	0.240198
train_loss	0.204811
train_loss	0.150071
train_loss	0.187913
train_loss	0.194568
train_loss	0.202105
train_loss	0.212999
test_acc	0.753000
train_loss	0.127075
train_loss	0.163198
train_loss	0.148846
train_loss	0.225157
train_loss	0.202252
train_loss	0.253258
train_loss	0.121316
train_loss	0.174734
train_loss	0.179201
train_loss	0.146811
test_acc	0.735000
train_loss	0.275599
train_loss	0.127385
train_loss	0.159762
train_loss	0.129948
train_loss	0.207816
train_loss	0.145775
train_loss	0.152076
train_loss	0.177477
train_loss	0.133820
train_loss	0.144114
test_acc	0.725000
train_loss	0.177945
train_loss	0.128497
train_loss	0.122090
train_loss	0.112399
train_loss	0.164533
train_loss	0.125721
train_loss	0.179586
train_loss	0.142560
train_loss	0.302143
train_loss	0.202550
test_acc	0.716000
train_loss	0.196575
train_loss	0.158930
train_loss	0.115897
train_loss	0.131197
train_loss	0.192941
train_loss	0.154797
train_loss	0.198709
train_loss	0.195650
train_loss	0.136529
train_loss	0.100494
test_acc	0.758000
train_loss	0.214614
train_loss	0.239066
train_loss	0.144520
train_loss	0.157519
train_loss	0.174851
train_loss	0.129643
train_loss	0.097675
train_loss	0.158634
train_loss	0.097064
train_loss	0.095944
test_acc	0.748000
train_loss	0.173479
train_loss	0.190504
train_loss	0.191320
train_loss	0.131223
train_loss	0.149968
train_loss	0.154005
train_loss	0.115190
train_loss	0.110607
train_loss	0.150118
train_loss	0.167918
test_acc	0.773000
train_loss	0.150815
train_loss	0.209980
train_loss	0.146860
train_loss	0.155861
train_loss	0.204265
train_loss	0.158517
train_loss	0.178180
train_loss	0.127604
train_loss	0.176136
train_loss	0.085524
test_acc	0.728000
train_loss	0.183726
train_loss	0.175244
train_loss	0.185028
train_loss	0.131495
train_loss	0.173813
train_loss	0.114395
train_loss	0.165864
train_loss	0.176597
train_loss	0.106955
train_loss	0.107773
test_acc	0.749000
train_loss	0.121752
train_loss	0.137618
train_loss	0.148002
train_loss	0.099069
train_loss	0.113272
train_loss	0.146360
train_loss	0.179198
train_loss	0.152332
train_loss	0.085491
train_loss	0.119020
test_acc	0.752000
train_loss	0.091723
train_loss	0.070743
train_loss	0.078872
train_loss	0.129226
train_loss	0.087369
train_loss	0.158593
train_loss	0.126968
train_loss	0.096994
train_loss	0.201965
train_loss	0.118909
test_acc	0.741000
train_loss	0.119275
train_loss	0.082646
train_loss	0.148230
train_loss	0.114852
train_loss	0.204757
train_loss	0.112752
train_loss	0.167754
train_loss	0.185684
train_loss	0.153770
train_loss	0.161819
test_acc	0.741000
train_loss	0.130594
train_loss	0.180552
train_loss	0.115746
train_loss	0.100184
train_loss	0.137443
train_loss	0.178964
train_loss	0.118977
train_loss	0.083801
train_loss	0.114817
train_loss	0.120072
test_acc	0.766000
train_loss	0.134623
train_loss	0.159395
train_loss	0.124287
train_loss	0.100876
train_loss	0.123520
train_loss	0.092989
train_loss	0.154745
train_loss	0.140974
train_loss	0.236303
train_loss	0.209116
test_acc	0.733000
train_loss	0.137658
train_loss	0.143247
train_loss	0.105471
train_loss	0.157614
train_loss	0.127590
train_loss	0.117637
train_loss	0.072016
train_loss	0.106100
train_loss	0.126582
train_loss	0.180759
test_acc	0.762000
train_loss	0.142578
train_loss	0.131335
train_loss	0.098923
train_loss	0.113551
train_loss	0.088545
train_loss	0.168887
train_loss	0.108814
train_loss	0.137787
train_loss	0.099595
train_loss	0.085117
test_acc	0.752000
train_loss	0.143067
train_loss	0.126785
train_loss	0.066162
train_loss	0.195777
train_loss	0.136642
train_loss	0.174008
train_loss	0.099077
train_loss	0.172040
train_loss	0.122456
train_loss	0.122451
test_acc	0.756000
train_loss	0.144289
train_loss	0.137348
train_loss	0.146715
train_loss	0.159834
train_loss	0.128370
train_loss	0.154465
train_loss	0.182124
train_loss	0.159556
train_loss	0.103562
train_loss	0.117050
test_acc	0.749000
train_loss	0.130404
train_loss	0.101159
train_loss	0.168431
train_loss	0.064873
train_loss	0.151385
train_loss	0.116717
train_loss	0.112139
train_loss	0.150853
train_loss	0.116389
train_loss	0.175876
test_acc	0.754000
train_loss	0.112395
train_loss	0.086860
train_loss	0.104378
train_loss	0.164172
train_loss	0.144942
train_loss	0.139032
train_loss	0.105217
train_loss	0.170577
train_loss	0.104796
train_loss	0.147610
test_acc	0.754000
train_loss	0.104908
train_loss	0.084436
train_loss	0.141591
train_loss	0.097594
train_loss	0.075759
train_loss	0.103944
train_loss	0.109165
train_loss	0.178596
train_loss	0.102554
train_loss	0.156059
test_acc	0.754000
train_loss	0.073377
train_loss	0.140485
train_loss	0.071995
train_loss	0.151677
train_loss	0.082425
train_loss	0.091635
train_loss	0.121520
train_loss	0.223045
train_loss	0.098401
train_loss	0.157781
test_acc	0.745000
train_loss	0.120268
train_loss	0.142416
train_loss	0.096106
train_loss	0.135794
train_loss	0.108410
train_loss	0.075366
train_loss	0.111303
train_loss	0.083123
train_loss	0.071693
train_loss	0.072776
test_acc	0.767000
train_loss	0.132316
train_loss	0.138038
train_loss	0.126210
train_loss	0.054156
train_loss	0.060901
train_loss	0.083512
train_loss	0.166723
train_loss	0.125060
train_loss	0.106763
train_loss	0.134638
test_acc	0.748000
train_loss	0.097706
train_loss	0.104186
train_loss	0.094027
train_loss	0.111467
train_loss	0.131500
train_loss	0.089339
train_loss	0.068195
train_loss	0.117588
train_loss	0.098192
train_loss	0.092026
test_acc	0.763000
train_loss	0.076590
train_loss	0.071375
train_loss	0.144166
train_loss	0.087188
train_loss	0.079004
train_loss	0.087372
train_loss	0.158795
train_loss	0.131813
train_loss	0.111373
train_loss	0.110780
test_acc	0.737000
train_loss	0.077592
train_loss	0.157116
train_loss	0.078355
train_loss	0.110257
train_loss	0.106524
train_loss	0.110387
train_loss	0.088001
train_loss	0.099285
train_loss	0.089824
train_loss	0.118021
test_acc	0.745000
train_loss	0.047121
train_loss	0.091826
train_loss	0.122607
train_loss	0.107151
train_loss	0.163235
train_loss	0.108284
train_loss	0.074731
train_loss	0.108370
train_loss	0.147532
train_loss	0.153950
test_acc	0.745000
train_loss	0.149106
train_loss	0.084912
train_loss	0.109085
train_loss	0.082895
train_loss	0.123125
train_loss	0.144556
train_loss	0.092426
train_loss	0.166600
train_loss	0.097973
train_loss	0.076177
test_acc	0.755000
train_loss	0.099086
train_loss	0.102864
train_loss	0.075306
train_loss	0.129568
train_loss	0.179118
train_loss	0.075307
train_loss	0.111379
train_loss	0.108234
train_loss	0.059843
train_loss	0.096017
test_acc	0.749000
train_loss	0.099784
train_loss	0.095582
train_loss	0.083589
train_loss	0.091827
train_loss	0.124075
train_loss	0.063060
train_loss	0.082600
train_loss	0.069813
train_loss	0.088333
train_loss	0.084601
test_acc	0.736000
train_loss	0.165205
train_loss	0.116232
train_loss	0.117113
train_loss	0.101684
train_loss	0.115839
train_loss	0.124383
train_loss	0.181066
train_loss	0.119656
train_loss	0.110260
train_loss	0.091925
test_acc	0.760000
train_loss	0.102129
train_loss	0.104462
train_loss	0.093479
train_loss	0.158155
train_loss	0.105920
train_loss	0.126418
train_loss	0.123060
train_loss	0.089467
train_loss	0.103549
train_loss	0.105158
test_acc	0.740000
train_loss	0.094732
train_loss	0.093097
train_loss	0.101954
train_loss	0.126790
train_loss	0.114423
train_loss	0.133645
train_loss	0.117816
train_loss	0.113333
train_loss	0.101862
