train_loss	1.945677
test_acc	0.149000
train_loss	1.944473
train_loss	1.926311
train_loss	1.902840
train_loss	1.890097
train_loss	1.855289
train_loss	1.809268
train_loss	1.742900
train_loss	1.661179
train_loss	1.574480
train_loss	1.470409
test_acc	0.367000
train_loss	1.456719
train_loss	1.294944
train_loss	1.331705
train_loss	1.306332
train_loss	1.147388
train_loss	1.019843
train_loss	0.990670
train_loss	0.979122
train_loss	0.912112
train_loss	0.856617
test_acc	0.669000
train_loss	0.742834
train_loss	0.653668
train_loss	0.692533
train_loss	0.594230
train_loss	0.543336
train_loss	0.594967
train_loss	0.602897
train_loss	0.569470
train_loss	0.513669
train_loss	0.540297
test_acc	0.732000
train_loss	0.526011
train_loss	0.387514
train_loss	0.470884
train_loss	0.435545
train_loss	0.343625
train_loss	0.308864
train_loss	0.332511
train_loss	0.317254
train_loss	0.249355
train_loss	0.325597
test_acc	0.728000
train_loss	0.216128
train_loss	0.284995
train_loss	0.280988
train_loss	0.302019
train_loss	0.282368
train_loss	0.232800
train_loss	0.250145
train_loss	0.215772
train_loss	0.205624
train_loss	0.217332
test_acc	0.733000
train_loss	0.306450
train_loss	0.263273
train_loss	0.305847
train_loss	0.226061
train_loss	0.292832
train_loss	0.235121
train_loss	0.245335
train_loss	0.294366
train_loss	0.205354
train_loss	0.225956
test_acc	0.756000
train_loss	0.190979
train_loss	0.165217
train_loss	0.209727
train_loss	0.162543
train_loss	0.262552
train_loss	0.234609
train_loss	0.206172
train_loss	0.178220
train_loss	0.237358
train_loss	0.168028
test_acc	0.767000
train_loss	0.295971
train_loss	0.178041
train_loss	0.221840
train_loss	0.223974
train_loss	0.211740
train_loss	0.180280
train_loss	0.147979
train_loss	0.179783
train_loss	0.172551
train_loss	0.211108
test_acc	0.735000
train_loss	0.199134
train_loss	0.205559
train_loss	0.254202
train_loss	0.171665
train_loss	0.257269
train_loss	0.178959
train_loss	0.176423
train_loss	0.223730
train_loss	0.189494
train_loss	0.136439
test_acc	0.724000
train_loss	0.149244
train_loss	0.193234
train_loss	0.205836
train_loss	0.157839
train_loss	0.203471
train_loss	0.230237
train_loss	0.152304
train_loss	0.173140
train_loss	0.151796
train_loss	0.141512
test_acc	0.761000
train_loss	0.138079
train_loss	0.207964
train_loss	0.159000
train_loss	0.195260
train_loss	0.209174
train_loss	0.205655
train_loss	0.176785
train_loss	0.123124
train_loss	0.218182
train_loss	0.174513
test_acc	0.765000
train_loss	0.146857
train_loss	0.184882
train_loss	0.141195
train_loss	0.146685
train_loss	0.153017
train_loss	0.174028
train_loss	0.102132
train_loss	0.196713
train_loss	0.183963
train_loss	0.187393
test_acc	0.777000
train_loss	0.120066
train_loss	0.216651
train_loss	0.142640
train_loss	0.132982
train_loss	0.135973
train_loss	0.170563
train_loss	0.155349
train_loss	0.142328
train_loss	0.180371
train_loss	0.157711
test_acc	0.739000
train_loss	0.180077
train_loss	0.121429
train_loss	0.135122
train_loss	0.091849
train_loss	0.107712
train_loss	0.170051
train_loss	0.134437
train_loss	0.141265
train_loss	0.180289
train_loss	0.158406
test_acc	0.760000
train_loss	0.158893
train_loss	0.087506
train_loss	0.104650
train_loss	0.121981
train_loss	0.131875
train_loss	0.076766
train_loss	0.140549
train_loss	0.101581
train_loss	0.120212
train_loss	0.126158
test_acc	0.742000
train_loss	0.157759
train_loss	0.191659
train_loss	0.123706
train_loss	0.221891
train_loss	0.159496
train_loss	0.160598
train_loss	0.139027
train_loss	0.128165
train_loss	0.186171
train_loss	0.130736
test_acc	0.750000
train_loss	0.133485
train_loss	0.151025
train_loss	0.233502
train_loss	0.150207
train_loss	0.149061
train_loss	0.113703
train_loss	0.125956
train_loss	0.121618
train_loss	0.123657
train_loss	0.124128
test_acc	0.752000
train_loss	0.148506
train_loss	0.120010
train_loss	0.169194
train_loss	0.114896
train_loss	0.128437
train_loss	0.185234
train_loss	0.123567
train_loss	0.157804
train_loss	0.114668
train_loss	0.130611
test_acc	0.763000
train_loss	0.181370
train_loss	0.121566
train_loss	0.177574
train_loss	0.134566
train_loss	0.139385
train_loss	0.128471
train_loss	0.105404
train_loss	0.137669
train_loss	0.124713
train_loss	0.154610
test_acc	0.764000
train_loss	0.095360
train_loss	0.142815
train_loss	0.112901
train_loss	0.122086
train_loss	0.095491
train_loss	0.126646
train_loss	0.112807
train_loss	0.094554
train_loss	0.089862
train_loss	0.112705
test_acc	0.764000
train_loss	0.116281
train_loss	0.147070
train_loss	0.115690
train_loss	0.087734
train_loss	0.127360
train_loss	0.116449
train_loss	0.088565
train_loss	0.147053
train_loss	0.110876
train_loss	0.152364
test_acc	0.756000
train_loss	0.129237
train_loss	0.101409
train_loss	0.119346
train_loss	0.117485
train_loss	0.129888
train_loss	0.142781
train_loss	0.114307
train_loss	0.096433
train_loss	0.159588
train_loss	0.149895
test_acc	0.771000
train_loss	0.152175
train_loss	0.101275
train_loss	0.121916
train_loss	0.122849
train_loss	0.163613
train_loss	0.112603
train_loss	0.115021
train_loss	0.150581
train_loss	0.148262
train_loss	0.140080
test_acc	0.722000
train_loss	0.092784
train_loss	0.094735
train_loss	0.126875
train_loss	0.119586
train_loss	0.146157
train_loss	0.118528
train_loss	0.154334
train_loss	0.161602
train_loss	0.117125
train_loss	0.120097
test_acc	0.751000
train_loss	0.111563
train_loss	0.121442
train_loss	0.164472
train_loss	0.118887
train_loss	0.094532
train_loss	0.127025
train_loss	0.125609
train_loss	0.103062
train_loss	0.094623
train_loss	0.109523
test_acc	0.739000
train_loss	0.152080
train_loss	0.121493
train_loss	0.102512
train_loss	0.113738
train_loss	0.140146
train_loss	0.135065
train_loss	0.104998
train_loss	0.092239
train_loss	0.130472
train_loss	0.126032
test_acc	0.761000
train_loss	0.135404
train_loss	0.145250
train_loss	0.123079
train_loss	0.171096
train_loss	0.110343
train_loss	0.084995
train_loss	0.106508
train_loss	0.132610
train_loss	0.144080
train_loss	0.127172
test_acc	0.767000
train_loss	0.143997
train_loss	0.174882
train_loss	0.144666
train_loss	0.126137
train_loss	0.181411
train_loss	0.113751
train_loss	0.106430
train_loss	0.119493
train_loss	0.141731
train_loss	0.122569
test_acc	0.745000
train_loss	0.102326
train_loss	0.143003
train_loss	0.115532
train_loss	0.128589
train_loss	0.145901
train_loss	0.132922
train_loss	0.111134
train_loss	0.125556
train_loss	0.150727
train_loss	0.145251
test_acc	0.742000
train_loss	0.140514
train_loss	0.125898
train_loss	0.169299
train_loss	0.176765
train_loss	0.080654
train_loss	0.096595
train_loss	0.121165
train_loss	0.120218
train_loss	0.129101
train_loss	0.146580
test_acc	0.745000
train_loss	0.157231
train_loss	0.133022
train_loss	0.106911
train_loss	0.226786
train_loss	0.117940
train_loss	0.111595
train_loss	0.143471
train_loss	0.098194
train_loss	0.132595
train_loss	0.146554
test_acc	0.724000
train_loss	0.115042
train_loss	0.131300
train_loss	0.132488
train_loss	0.125207
train_loss	0.163628
train_loss	0.146792
train_loss	0.065045
train_loss	0.129003
train_loss	0.133572
train_loss	0.153829
test_acc	0.724000
train_loss	0.098567
train_loss	0.136175
train_loss	0.131582
train_loss	0.126966
train_loss	0.112641
train_loss	0.130923
train_loss	0.111656
train_loss	0.155328
train_loss	0.119197
train_loss	0.134722
test_acc	0.720000
train_loss	0.102874
train_loss	0.086507
train_loss	0.158543
train_loss	0.100866
train_loss	0.130024
train_loss	0.134581
train_loss	0.092109
train_loss	0.128453
train_loss	0.147673
train_loss	0.138337
test_acc	0.741000
train_loss	0.126211
train_loss	0.079101
train_loss	0.097915
train_loss	0.121763
train_loss	0.096522
train_loss	0.130803
train_loss	0.108001
train_loss	0.088359
train_loss	0.136069
train_loss	0.146938
test_acc	0.736000
train_loss	0.114488
train_loss	0.121656
train_loss	0.088653
train_loss	0.146583
train_loss	0.193171
train_loss	0.095170
train_loss	0.146422
train_loss	0.118539
train_loss	0.108314
train_loss	0.131771
test_acc	0.774000
train_loss	0.121035
train_loss	0.110979
train_loss	0.127113
train_loss	0.146072
train_loss	0.142732
train_loss	0.118608
train_loss	0.155634
train_loss	0.116536
train_loss	0.098530
train_loss	0.121045
test_acc	0.774000
train_loss	0.131858
train_loss	0.169853
train_loss	0.158812
train_loss	0.090114
train_loss	0.138390
train_loss	0.136755
train_loss	0.131155
train_loss	0.081024
train_loss	0.129622
train_loss	0.117263
test_acc	0.773000
train_loss	0.135327
train_loss	0.105829
train_loss	0.145089
train_loss	0.091562
train_loss	0.121102
train_loss	0.138585
train_loss	0.121929
train_loss	0.132708
train_loss	0.107851
train_loss	0.137144
test_acc	0.772000
train_loss	0.105816
train_loss	0.116538
train_loss	0.110449
train_loss	0.112292
train_loss	0.139981
train_loss	0.135907
train_loss	0.113244
train_loss	0.094924
train_loss	0.108369
train_loss	0.139590
test_acc	0.732000
train_loss	0.099794
train_loss	0.102927
train_loss	0.122873
train_loss	0.142848
train_loss	0.135130
train_loss	0.117887
train_loss	0.118459
train_loss	0.121984
train_loss	0.091254
train_loss	0.148017
test_acc	0.721000
train_loss	0.139807
train_loss	0.169648
train_loss	0.098345
train_loss	0.131644
train_loss	0.090168
train_loss	0.158449
train_loss	0.190276
train_loss	0.111922
train_loss	0.093728
train_loss	0.128310
test_acc	0.719000
train_loss	0.124852
train_loss	0.105744
train_loss	0.084860
train_loss	0.136827
train_loss	0.104655
train_loss	0.134124
train_loss	0.097049
train_loss	0.118547
train_loss	0.096376
train_loss	0.145753
test_acc	0.746000
train_loss	0.104888
train_loss	0.141262
train_loss	0.122915
train_loss	0.153884
train_loss	0.088505
train_loss	0.093425
train_loss	0.126114
train_loss	0.116364
train_loss	0.102027
train_loss	0.137744
test_acc	0.765000
train_loss	0.185119
train_loss	0.117344
train_loss	0.125274
train_loss	0.129366
train_loss	0.090279
train_loss	0.101068
train_loss	0.117012
train_loss	0.096732
train_loss	0.143752
train_loss	0.103471
test_acc	0.774000
train_loss	0.128021
train_loss	0.106465
train_loss	0.111484
train_loss	0.099384
train_loss	0.111251
train_loss	0.108913
train_loss	0.153813
train_loss	0.081165
train_loss	0.106928
train_loss	0.157811
test_acc	0.750000
train_loss	0.070435
train_loss	0.123391
train_loss	0.089860
train_loss	0.126786
train_loss	0.105025
train_loss	0.108970
train_loss	0.084410
train_loss	0.128760
train_loss	0.124942
train_loss	0.140220
test_acc	0.737000
train_loss	0.078792
train_loss	0.111480
train_loss	0.095645
train_loss	0.123459
train_loss	0.156943
train_loss	0.136657
train_loss	0.118649
train_loss	0.134861
train_loss	0.091167
train_loss	0.098199
test_acc	0.755000
train_loss	0.091782
train_loss	0.143486
train_loss	0.112502
train_loss	0.118716
train_loss	0.114404
train_loss	0.114965
train_loss	0.150265
train_loss	0.191692
train_loss	0.089989
train_loss	0.099506
test_acc	0.755000
train_loss	0.119898
train_loss	0.123710
train_loss	0.140781
train_loss	0.113366
train_loss	0.092828
train_loss	0.110889
train_loss	0.143939
train_loss	0.095270
train_loss	0.073181
