train_loss	1.973710
test_acc	0.319000
train_loss	1.944638
train_loss	1.949868
train_loss	1.930085
train_loss	1.935720
train_loss	1.926783
train_loss	1.894971
train_loss	1.899028
train_loss	1.860855
train_loss	1.839156
train_loss	1.800869
test_acc	0.309000
train_loss	1.793627
train_loss	1.758293
train_loss	1.746500
train_loss	1.685625
train_loss	1.669729
train_loss	1.536902
train_loss	1.509942
train_loss	1.462093
train_loss	1.381465
train_loss	1.361912
test_acc	0.605000
train_loss	1.294418
train_loss	1.227510
train_loss	1.152461
train_loss	1.068280
train_loss	1.078847
train_loss	1.013766
train_loss	0.907118
train_loss	0.922607
train_loss	0.815611
train_loss	0.796556
test_acc	0.658000
train_loss	0.669359
train_loss	0.691247
train_loss	0.673783
train_loss	0.586743
train_loss	0.601917
train_loss	0.654950
train_loss	0.595137
train_loss	0.500579
train_loss	0.479939
train_loss	0.537297
test_acc	0.691000
train_loss	0.484163
train_loss	0.378639
train_loss	0.365580
train_loss	0.353846
train_loss	0.384280
train_loss	0.431835
train_loss	0.257119
train_loss	0.333983
train_loss	0.368495
train_loss	0.354213
test_acc	0.659000
train_loss	0.353352
train_loss	0.309220
train_loss	0.299239
train_loss	0.246663
train_loss	0.265399
train_loss	0.327779
train_loss	0.329724
train_loss	0.314947
train_loss	0.334574
train_loss	0.274767
test_acc	0.699000
train_loss	0.248119
train_loss	0.289644
train_loss	0.257652
train_loss	0.330474
train_loss	0.278712
train_loss	0.273334
train_loss	0.254798
train_loss	0.344423
train_loss	0.285106
train_loss	0.226144
test_acc	0.751000
train_loss	0.263414
train_loss	0.227490
train_loss	0.240615
train_loss	0.266669
train_loss	0.228025
train_loss	0.198264
train_loss	0.227639
train_loss	0.255841
train_loss	0.230513
train_loss	0.280996
test_acc	0.753000
train_loss	0.261988
train_loss	0.224518
train_loss	0.202144
train_loss	0.232516
train_loss	0.267645
train_loss	0.213339
train_loss	0.227514
train_loss	0.184685
train_loss	0.211466
train_loss	0.222185
test_acc	0.730000
train_loss	0.224351
train_loss	0.215284
train_loss	0.220479
train_loss	0.230005
train_loss	0.204123
train_loss	0.215119
train_loss	0.206187
train_loss	0.219744
train_loss	0.204204
train_loss	0.217356
test_acc	0.753000
train_loss	0.202739
train_loss	0.241621
train_loss	0.260057
train_loss	0.276532
train_loss	0.284886
train_loss	0.292765
train_loss	0.230122
train_loss	0.188969
train_loss	0.222867
train_loss	0.235819
test_acc	0.714000
train_loss	0.262533
train_loss	0.222693
train_loss	0.191966
train_loss	0.238234
train_loss	0.218397
train_loss	0.293069
train_loss	0.239390
train_loss	0.239274
train_loss	0.210343
train_loss	0.162883
test_acc	0.743000
train_loss	0.180838
train_loss	0.225233
train_loss	0.239741
train_loss	0.245204
train_loss	0.241756
train_loss	0.205272
train_loss	0.217053
train_loss	0.145682
train_loss	0.177073
train_loss	0.243214
test_acc	0.722000
train_loss	0.141762
train_loss	0.175627
train_loss	0.194401
train_loss	0.239924
train_loss	0.225189
train_loss	0.210766
train_loss	0.217702
train_loss	0.221761
train_loss	0.167392
train_loss	0.187193
test_acc	0.758000
train_loss	0.156973
train_loss	0.188888
train_loss	0.186112
train_loss	0.238391
train_loss	0.199089
train_loss	0.170643
train_loss	0.191589
train_loss	0.252432
train_loss	0.215286
train_loss	0.185567
test_acc	0.770000
train_loss	0.235700
train_loss	0.189248
train_loss	0.189978
train_loss	0.223489
train_loss	0.228463
train_loss	0.176737
train_loss	0.182039
train_loss	0.173247
train_loss	0.187524
train_loss	0.237375
test_acc	0.739000
train_loss	0.158630
train_loss	0.200949
train_loss	0.173932
train_loss	0.208166
train_loss	0.170406
train_loss	0.141420
train_loss	0.200396
train_loss	0.273045
train_loss	0.179508
train_loss	0.257196
test_acc	0.760000
train_loss	0.202950
train_loss	0.201668
train_loss	0.197231
train_loss	0.201686
train_loss	0.202705
train_loss	0.228187
train_loss	0.161022
train_loss	0.168588
train_loss	0.220791
train_loss	0.215176
test_acc	0.730000
train_loss	0.136160
train_loss	0.220687
train_loss	0.201163
train_loss	0.241611
train_loss	0.234917
train_loss	0.289164
train_loss	0.182217
train_loss	0.224924
train_loss	0.180101
train_loss	0.209798
test_acc	0.749000
train_loss	0.165070
train_loss	0.199727
train_loss	0.162257
train_loss	0.219829
train_loss	0.176098
train_loss	0.192628
train_loss	0.186439
train_loss	0.157202
train_loss	0.215908
train_loss	0.175672
test_acc	0.751000
train_loss	0.213820
train_loss	0.156708
train_loss	0.261139
train_loss	0.177727
train_loss	0.156586
train_loss	0.174229
train_loss	0.178112
train_loss	0.212822
train_loss	0.173830
train_loss	0.161843
test_acc	0.759000
train_loss	0.121981
train_loss	0.200683
train_loss	0.205701
train_loss	0.244002
train_loss	0.146833
train_loss	0.172052
train_loss	0.195955
train_loss	0.168727
train_loss	0.185164
train_loss	0.186828
test_acc	0.756000
train_loss	0.196754
train_loss	0.145600
train_loss	0.184113
train_loss	0.173808
train_loss	0.168431
train_loss	0.283033
train_loss	0.202763
train_loss	0.170317
train_loss	0.176641
train_loss	0.224136
test_acc	0.759000
train_loss	0.226843
train_loss	0.197776
train_loss	0.162315
train_loss	0.168217
train_loss	0.199548
train_loss	0.204761
train_loss	0.167054
train_loss	0.109936
train_loss	0.207166
train_loss	0.235022
test_acc	0.741000
train_loss	0.155495
train_loss	0.185646
train_loss	0.177047
train_loss	0.142105
train_loss	0.162750
train_loss	0.229600
train_loss	0.149414
train_loss	0.209227
train_loss	0.188790
train_loss	0.196151
test_acc	0.736000
train_loss	0.188045
train_loss	0.194195
train_loss	0.139212
train_loss	0.199792
train_loss	0.124876
train_loss	0.165409
train_loss	0.175175
train_loss	0.167487
train_loss	0.145967
train_loss	0.173052
test_acc	0.724000
train_loss	0.154372
train_loss	0.205856
train_loss	0.164459
train_loss	0.143115
train_loss	0.164681
train_loss	0.162492
train_loss	0.149082
train_loss	0.138076
train_loss	0.153808
train_loss	0.168954
test_acc	0.732000
train_loss	0.228472
train_loss	0.184979
train_loss	0.171149
train_loss	0.137452
train_loss	0.217076
train_loss	0.188419
train_loss	0.206353
train_loss	0.192950
train_loss	0.233741
train_loss	0.209365
test_acc	0.721000
train_loss	0.171210
train_loss	0.135614
train_loss	0.247896
train_loss	0.175635
train_loss	0.175512
train_loss	0.210151
train_loss	0.188322
train_loss	0.257610
train_loss	0.189099
train_loss	0.239473
test_acc	0.703000
train_loss	0.219284
train_loss	0.209728
train_loss	0.178805
train_loss	0.215239
train_loss	0.183242
train_loss	0.181698
train_loss	0.132229
train_loss	0.174518
train_loss	0.187112
train_loss	0.163237
test_acc	0.740000
train_loss	0.147228
train_loss	0.178637
train_loss	0.181344
train_loss	0.206864
train_loss	0.171419
train_loss	0.152911
train_loss	0.216220
train_loss	0.205668
train_loss	0.184649
train_loss	0.169046
test_acc	0.740000
train_loss	0.135479
train_loss	0.199460
train_loss	0.178115
train_loss	0.154164
train_loss	0.189217
train_loss	0.162896
train_loss	0.170448
train_loss	0.191077
train_loss	0.205219
train_loss	0.164398
test_acc	0.721000
train_loss	0.191343
train_loss	0.163520
train_loss	0.193870
train_loss	0.179045
train_loss	0.263624
train_loss	0.205480
train_loss	0.219654
train_loss	0.182162
train_loss	0.162239
train_loss	0.179968
test_acc	0.750000
train_loss	0.220128
train_loss	0.169105
train_loss	0.133187
train_loss	0.167266
train_loss	0.208649
train_loss	0.235320
train_loss	0.194439
train_loss	0.152840
train_loss	0.150286
train_loss	0.154372
test_acc	0.745000
train_loss	0.137302
train_loss	0.206590
train_loss	0.139204
train_loss	0.154849
train_loss	0.134436
train_loss	0.160975
train_loss	0.165660
train_loss	0.154721
train_loss	0.294017
train_loss	0.202839
test_acc	0.715000
train_loss	0.110502
train_loss	0.152775
train_loss	0.193022
train_loss	0.171252
train_loss	0.174345
train_loss	0.215138
train_loss	0.173476
train_loss	0.193145
train_loss	0.168487
train_loss	0.254915
test_acc	0.720000
train_loss	0.211849
train_loss	0.150079
train_loss	0.158602
train_loss	0.168931
train_loss	0.176983
train_loss	0.165411
train_loss	0.164930
train_loss	0.134217
train_loss	0.167656
train_loss	0.180548
test_acc	0.743000
train_loss	0.202653
train_loss	0.181470
train_loss	0.207150
train_loss	0.169362
train_loss	0.176079
train_loss	0.160593
train_loss	0.160543
train_loss	0.127029
train_loss	0.167154
train_loss	0.180334
test_acc	0.731000
train_loss	0.155727
train_loss	0.144224
train_loss	0.267313
train_loss	0.180586
train_loss	0.141470
train_loss	0.139004
train_loss	0.180875
train_loss	0.221521
train_loss	0.185566
train_loss	0.174136
test_acc	0.742000
train_loss	0.172650
train_loss	0.194163
train_loss	0.176869
train_loss	0.181319
train_loss	0.131997
train_loss	0.219776
train_loss	0.173521
train_loss	0.161342
train_loss	0.165119
train_loss	0.207098
test_acc	0.757000
train_loss	0.204759
train_loss	0.142955
train_loss	0.214679
train_loss	0.178647
train_loss	0.190376
train_loss	0.187853
train_loss	0.163199
train_loss	0.138330
train_loss	0.210136
train_loss	0.216793
test_acc	0.755000
train_loss	0.194612
train_loss	0.165284
train_loss	0.166472
train_loss	0.132293
train_loss	0.147809
train_loss	0.147245
train_loss	0.186732
train_loss	0.169648
train_loss	0.145052
train_loss	0.177532
test_acc	0.742000
train_loss	0.159061
train_loss	0.199606
train_loss	0.278080
train_loss	0.172518
train_loss	0.187480
train_loss	0.210891
train_loss	0.170887
train_loss	0.158400
train_loss	0.178795
train_loss	0.179493
test_acc	0.724000
train_loss	0.177770
train_loss	0.184214
train_loss	0.163080
train_loss	0.175048
train_loss	0.157190
train_loss	0.138293
train_loss	0.143724
train_loss	0.145949
train_loss	0.194988
train_loss	0.152370
test_acc	0.724000
train_loss	0.211208
train_loss	0.174809
train_loss	0.170682
train_loss	0.165861
train_loss	0.177152
train_loss	0.135074
train_loss	0.244390
train_loss	0.163791
train_loss	0.187644
train_loss	0.142633
test_acc	0.745000
train_loss	0.161945
train_loss	0.143178
train_loss	0.204184
train_loss	0.177969
train_loss	0.140171
train_loss	0.126295
train_loss	0.152834
train_loss	0.192330
train_loss	0.254742
train_loss	0.162896
test_acc	0.759000
train_loss	0.175602
train_loss	0.150434
train_loss	0.187332
train_loss	0.195022
train_loss	0.136415
train_loss	0.178347
train_loss	0.175909
train_loss	0.146618
train_loss	0.151621
train_loss	0.242455
test_acc	0.756000
train_loss	0.150919
train_loss	0.114294
train_loss	0.194176
train_loss	0.191933
train_loss	0.167715
train_loss	0.202428
train_loss	0.250812
train_loss	0.169189
train_loss	0.152630
train_loss	0.165955
test_acc	0.752000
train_loss	0.180762
train_loss	0.190673
train_loss	0.151958
train_loss	0.139271
train_loss	0.128862
train_loss	0.115172
train_loss	0.115308
train_loss	0.141679
train_loss	0.147747
train_loss	0.131446
test_acc	0.761000
train_loss	0.147120
train_loss	0.158058
train_loss	0.117696
train_loss	0.170561
train_loss	0.199278
train_loss	0.136609
train_loss	0.160748
train_loss	0.198219
train_loss	0.212298
