train_loss	1.805642
test_acc	0.229167
train_loss	1.624826
train_loss	1.578235
train_loss	1.563678
train_loss	1.582861
train_loss	1.560195
train_loss	1.562646
train_loss	1.569845
train_loss	1.586848
train_loss	1.583785
train_loss	1.561474
test_acc	0.235417
train_loss	1.564691
train_loss	1.566402
train_loss	1.565074
train_loss	1.588332
train_loss	1.595953
train_loss	1.559726
train_loss	1.570115
train_loss	1.576635
train_loss	1.573481
train_loss	1.572122
test_acc	0.287500
train_loss	1.566054
train_loss	1.558423
train_loss	1.555538
train_loss	1.564107
train_loss	1.557337
train_loss	1.567633
train_loss	1.551848
train_loss	1.555562
train_loss	1.563025
train_loss	1.558871
test_acc	0.225000
train_loss	1.611419
train_loss	1.589759
train_loss	1.553830
train_loss	1.552107
train_loss	1.555876
train_loss	1.556460
train_loss	1.550492
train_loss	1.555779
train_loss	1.559952
train_loss	1.575892
test_acc	0.239583
train_loss	1.567806
train_loss	1.567443
train_loss	1.557478
train_loss	1.549114
train_loss	1.542465
train_loss	1.556294
train_loss	1.567765
train_loss	1.568084
train_loss	1.545641
train_loss	1.559219
test_acc	0.268750
train_loss	1.561294
train_loss	1.549060
train_loss	1.549326
train_loss	1.563343
train_loss	1.558485
train_loss	1.568126
train_loss	1.570192
train_loss	1.545446
train_loss	1.547758
train_loss	1.541302
test_acc	0.258333
train_loss	1.550404
train_loss	1.562625
train_loss	1.547565
train_loss	1.546567
train_loss	1.553023
train_loss	1.557086
train_loss	1.543047
train_loss	1.557286
train_loss	1.545612
train_loss	1.555872
test_acc	0.283333
train_loss	1.576210
train_loss	1.563126
train_loss	1.547325
train_loss	1.563259
train_loss	1.545495
train_loss	1.543855
train_loss	1.549417
train_loss	1.540744
train_loss	1.545864
train_loss	1.551218
test_acc	0.295833
train_loss	1.546063
train_loss	1.549888
train_loss	1.558764
train_loss	1.546862
train_loss	1.561484
train_loss	1.564749
train_loss	1.564271
train_loss	1.565197
train_loss	1.570165
train_loss	1.544887
test_acc	0.293750
train_loss	1.558468
train_loss	1.574312
train_loss	1.553812
train_loss	1.546901
train_loss	1.548291
train_loss	1.563286
train_loss	1.552868
train_loss	1.543998
train_loss	1.541036
train_loss	1.552973
test_acc	0.329167
train_loss	1.543322
train_loss	1.547486
train_loss	1.546363
train_loss	1.555680
train_loss	1.543279
train_loss	1.537732
train_loss	1.547478
train_loss	1.542426
train_loss	1.544074
train_loss	1.542667
test_acc	0.295833
train_loss	1.543668
train_loss	1.548621
train_loss	1.552612
train_loss	1.554955
train_loss	1.557479
train_loss	1.543578
train_loss	1.548601
train_loss	1.557188
train_loss	1.547934
train_loss	1.549250
test_acc	0.312500
train_loss	1.548302
train_loss	1.541015
train_loss	1.550157
train_loss	1.536578
train_loss	1.537778
train_loss	1.542781
train_loss	1.555691
train_loss	1.555723
train_loss	1.535106
train_loss	1.545391
test_acc	0.291667
train_loss	1.538426
train_loss	1.549921
train_loss	1.549758
train_loss	1.536989
train_loss	1.540934
train_loss	1.548931
train_loss	1.561198
train_loss	1.544578
train_loss	1.532861
train_loss	1.550261
test_acc	0.306250
train_loss	1.544440
train_loss	1.555426
train_loss	1.541701
train_loss	1.551319
train_loss	1.541313
train_loss	1.536388
train_loss	1.540063
train_loss	1.556136
train_loss	1.553606
train_loss	1.545755
test_acc	0.308333
train_loss	1.534530
train_loss	1.554885
train_loss	1.552384
train_loss	1.539441
train_loss	1.538889
train_loss	1.543445
train_loss	1.572198
train_loss	1.546233
train_loss	1.550655
train_loss	1.553153
test_acc	0.327083
train_loss	1.540889
train_loss	1.538549
train_loss	1.540748
train_loss	1.542289
train_loss	1.529809
train_loss	1.539295
train_loss	1.543308
train_loss	1.552693
train_loss	1.536501
train_loss	1.529043
test_acc	0.337500
train_loss	1.541470
train_loss	1.537255
train_loss	1.532612
train_loss	1.546811
train_loss	1.530930
train_loss	1.526564
train_loss	1.535241
train_loss	1.538213
train_loss	1.541444
train_loss	1.562691
test_acc	0.310417
train_loss	1.543640
train_loss	1.547320
train_loss	1.543407
train_loss	1.533652
train_loss	1.541277
train_loss	1.530222
train_loss	1.546655
train_loss	1.548280
train_loss	1.535546
train_loss	1.541059
test_acc	0.320833
train_loss	1.526476
train_loss	1.527910
train_loss	1.545199
train_loss	1.533686
train_loss	1.536312
train_loss	1.531601
train_loss	1.530094
train_loss	1.523093
train_loss	1.520566
train_loss	1.536943
test_acc	0.320833
train_loss	1.531788
train_loss	1.531912
train_loss	1.528925
train_loss	1.531905
train_loss	1.532758
train_loss	1.525452
train_loss	1.547767
train_loss	1.519295
train_loss	1.536746
train_loss	1.522187
test_acc	0.318750
train_loss	1.521472
train_loss	1.521862
train_loss	1.525031
train_loss	1.533683
train_loss	1.557332
train_loss	1.556601
train_loss	1.540758
train_loss	1.528709
train_loss	1.539913
train_loss	1.527445
test_acc	0.320833
train_loss	1.533568
train_loss	1.531240
train_loss	1.535291
train_loss	1.526908
train_loss	1.519434
train_loss	1.523251
train_loss	1.518050
train_loss	1.522779
train_loss	1.523282
train_loss	1.528129
test_acc	0.350000
train_loss	1.520404
train_loss	1.544575
train_loss	1.540617
train_loss	1.525504
train_loss	1.520054
train_loss	1.526103
train_loss	1.527267
train_loss	1.518136
train_loss	1.519137
train_loss	1.544437
test_acc	0.279167
train_loss	1.518434
train_loss	1.528683
train_loss	1.513797
train_loss	1.525628
train_loss	1.531871
train_loss	1.529397
train_loss	1.510264
train_loss	1.532817
train_loss	1.530034
train_loss	1.519980
test_acc	0.347917
train_loss	1.524930
train_loss	1.524885
train_loss	1.529274
train_loss	1.528958
train_loss	1.527013
train_loss	1.521203
train_loss	1.531380
train_loss	1.518951
train_loss	1.519677
train_loss	1.525380
test_acc	0.314583
train_loss	1.549916
train_loss	1.533783
train_loss	1.529861
train_loss	1.553716
train_loss	1.528256
train_loss	1.522719
train_loss	1.539369
train_loss	1.525693
train_loss	1.529958
train_loss	1.515204
test_acc	0.329167
train_loss	1.530134
train_loss	1.514059
train_loss	1.523093
train_loss	1.519052
train_loss	1.526773
train_loss	1.532690
train_loss	1.523777
train_loss	1.533041
train_loss	1.529038
train_loss	1.539598
test_acc	0.302083
train_loss	1.574857
train_loss	1.537928
train_loss	1.541214
train_loss	1.532888
train_loss	1.529792
train_loss	1.525747
train_loss	1.530852
train_loss	1.519151
train_loss	1.522115
train_loss	1.526704
test_acc	0.356250
train_loss	1.524986
train_loss	1.522249
train_loss	1.541315
train_loss	1.536892
train_loss	1.559475
train_loss	1.532991
train_loss	1.537014
train_loss	1.535601
train_loss	1.553331
train_loss	1.534028
test_acc	0.327083
train_loss	1.529719
train_loss	1.536118
train_loss	1.535256
train_loss	1.533057
train_loss	1.518843
train_loss	1.530249
train_loss	1.530822
train_loss	1.535077
train_loss	1.529434
train_loss	1.545398
test_acc	0.312500
train_loss	1.530810
train_loss	1.522636
train_loss	1.518621
train_loss	1.534178
train_loss	1.528623
train_loss	1.527042
train_loss	1.519490
train_loss	1.524392
train_loss	1.519001
train_loss	1.516258
test_acc	0.341667
train_loss	1.521968
train_loss	1.528065
train_loss	1.539846
train_loss	1.531769
train_loss	1.528693
train_loss	1.537209
train_loss	1.529357
train_loss	1.519565
train_loss	1.528457
train_loss	1.536886
test_acc	0.337500
train_loss	1.530878
train_loss	1.537858
train_loss	1.528147
train_loss	1.513438
train_loss	1.513492
train_loss	1.536883
train_loss	1.516840
train_loss	1.519173
train_loss	1.525503
train_loss	1.520263
test_acc	0.310417
train_loss	1.516707
train_loss	1.516061
train_loss	1.527682
train_loss	1.538603
train_loss	1.519748
train_loss	1.523058
train_loss	1.526642
train_loss	1.519020
train_loss	1.517278
train_loss	1.515175
test_acc	0.329167
train_loss	1.523958
train_loss	1.537981
train_loss	1.534976
train_loss	1.525204
train_loss	1.519652
train_loss	1.522072
train_loss	1.520068
train_loss	1.532789
train_loss	1.545649
train_loss	1.524165
test_acc	0.337500
train_loss	1.536164
train_loss	1.536863
train_loss	1.514697
train_loss	1.516523
train_loss	1.522980
train_loss	1.520252
train_loss	1.536625
train_loss	1.522883
train_loss	1.534353
train_loss	1.529878
test_acc	0.318750
train_loss	1.539718
train_loss	1.519080
train_loss	1.518911
train_loss	1.523099
train_loss	1.538274
train_loss	1.517773
train_loss	1.519200
train_loss	1.515652
train_loss	1.524476
train_loss	1.533103
test_acc	0.360417
train_loss	1.516103
train_loss	1.517895
train_loss	1.515661
train_loss	1.516873
train_loss	1.525154
train_loss	1.528411
train_loss	1.520913
train_loss	1.519373
train_loss	1.520080
train_loss	1.516984
test_acc	0.343750
train_loss	1.520941
train_loss	1.526253
train_loss	1.525332
train_loss	1.533017
train_loss	1.523297
train_loss	1.510205
train_loss	1.514781
train_loss	1.515084
train_loss	1.525911
train_loss	1.534943
test_acc	0.368750
train_loss	1.526373
train_loss	1.516790
train_loss	1.515061
train_loss	1.519254
train_loss	1.517520
train_loss	1.536297
train_loss	1.517891
train_loss	1.519317
train_loss	1.527721
train_loss	1.530968
test_acc	0.370833
train_loss	1.524613
train_loss	1.520988
train_loss	1.519065
train_loss	1.517331
train_loss	1.524434
train_loss	1.515430
train_loss	1.530598
train_loss	1.541790
train_loss	1.524221
train_loss	1.532539
test_acc	0.329167
train_loss	1.529576
train_loss	1.541301
train_loss	1.528661
train_loss	1.534975
train_loss	1.521943
train_loss	1.529035
train_loss	1.535216
train_loss	1.546520
train_loss	1.534807
train_loss	1.553813
test_acc	0.237500
train_loss	1.592792
train_loss	1.530699
train_loss	1.539535
train_loss	1.528975
train_loss	1.512786
train_loss	1.517170
train_loss	1.533065
train_loss	1.518270
train_loss	1.515450
train_loss	1.526187
test_acc	0.368750
train_loss	1.521554
train_loss	1.518095
train_loss	1.525742
train_loss	1.527204
train_loss	1.518131
train_loss	1.513473
train_loss	1.524150
train_loss	1.508842
train_loss	1.519258
train_loss	1.522227
test_acc	0.345833
train_loss	1.539636
train_loss	1.538437
train_loss	1.532987
train_loss	1.521666
train_loss	1.534824
train_loss	1.520829
train_loss	1.519474
train_loss	1.513860
train_loss	1.521032
train_loss	1.522045
test_acc	0.347917
train_loss	1.513629
train_loss	1.515774
train_loss	1.519297
train_loss	1.523619
train_loss	1.518232
train_loss	1.515028
train_loss	1.519939
train_loss	1.563499
train_loss	1.584154
train_loss	1.556500
test_acc	0.302083
train_loss	1.527640
train_loss	1.546042
train_loss	1.535813
train_loss	1.536422
train_loss	1.518095
train_loss	1.514463
train_loss	1.527477
train_loss	1.528165
train_loss	1.551187
train_loss	1.534008
test_acc	0.347917
train_loss	1.523409
train_loss	1.526403
train_loss	1.526381
train_loss	1.538922
train_loss	1.523617
train_loss	1.519544
train_loss	1.515465
train_loss	1.524561
train_loss	1.519775
train_loss	1.513220
test_acc	0.318750
train_loss	1.518130
train_loss	1.516904
train_loss	1.509717
train_loss	1.515987
train_loss	1.512556
train_loss	1.518137
train_loss	1.530624
train_loss	1.515004
train_loss	1.522082
