train_loss	1.840426
test_acc	0.208333
train_loss	1.657588
train_loss	1.620686
train_loss	1.617835
train_loss	1.619369
train_loss	1.622612
train_loss	1.628568
train_loss	1.611254
train_loss	1.606949
train_loss	1.625327
train_loss	1.621136
test_acc	0.222917
train_loss	1.615939
train_loss	1.614379
train_loss	1.603933
train_loss	1.616792
train_loss	1.609655
train_loss	1.607005
train_loss	1.606343
train_loss	1.624724
train_loss	1.612687
train_loss	1.611653
test_acc	0.208333
train_loss	1.601439
train_loss	1.615721
train_loss	1.613242
train_loss	1.604560
train_loss	1.611900
train_loss	1.604738
train_loss	1.607469
train_loss	1.590863
train_loss	1.595209
train_loss	1.586036
test_acc	0.225000
train_loss	1.590054
train_loss	1.578545
train_loss	1.577764
train_loss	1.567353
train_loss	1.572716
train_loss	1.581381
train_loss	1.578559
train_loss	1.582354
train_loss	1.570232
train_loss	1.573764
test_acc	0.260417
train_loss	1.572781
train_loss	1.567556
train_loss	1.578483
train_loss	1.581826
train_loss	1.559466
train_loss	1.584196
train_loss	1.579487
train_loss	1.566810
train_loss	1.590741
train_loss	1.575692
test_acc	0.212500
train_loss	1.571059
train_loss	1.587020
train_loss	1.570640
train_loss	1.579754
train_loss	1.565815
train_loss	1.567600
train_loss	1.568769
train_loss	1.590517
train_loss	1.576771
train_loss	1.580602
test_acc	0.241667
train_loss	1.572769
train_loss	1.571666
train_loss	1.572544
train_loss	1.566532
train_loss	1.565717
train_loss	1.570148
train_loss	1.563871
train_loss	1.565082
train_loss	1.574280
train_loss	1.575349
test_acc	0.237500
train_loss	1.572479
train_loss	1.569735
train_loss	1.573639
train_loss	1.568584
train_loss	1.567038
train_loss	1.564076
train_loss	1.566119
train_loss	1.565965
train_loss	1.575377
train_loss	1.563856
test_acc	0.260417
train_loss	1.579256
train_loss	1.578212
train_loss	1.584323
train_loss	1.576461
train_loss	1.572592
train_loss	1.561549
train_loss	1.576048
train_loss	1.568941
train_loss	1.575242
train_loss	1.574052
test_acc	0.204167
train_loss	1.582660
train_loss	1.573638
train_loss	1.568238
train_loss	1.566941
train_loss	1.575105
train_loss	1.571462
train_loss	1.580622
train_loss	1.577432
train_loss	1.586272
train_loss	1.574538
test_acc	0.225000
train_loss	1.564460
train_loss	1.564479
train_loss	1.568131
train_loss	1.570526
train_loss	1.563622
train_loss	1.566869
train_loss	1.570051
train_loss	1.571249
train_loss	1.566032
train_loss	1.569645
test_acc	0.233333
train_loss	1.568173
train_loss	1.578789
train_loss	1.578013
train_loss	1.572392
train_loss	1.570958
train_loss	1.560392
train_loss	1.567429
train_loss	1.580373
train_loss	1.574111
train_loss	1.563107
test_acc	0.260417
train_loss	1.569681
train_loss	1.566255
train_loss	1.565371
train_loss	1.571723
train_loss	1.576824
train_loss	1.576604
train_loss	1.568955
train_loss	1.569751
train_loss	1.561960
train_loss	1.568593
test_acc	0.245833
train_loss	1.585076
train_loss	1.580179
train_loss	1.576210
train_loss	1.569013
train_loss	1.570025
train_loss	1.567498
train_loss	1.562735
train_loss	1.563941
train_loss	1.563732
train_loss	1.566949
test_acc	0.220833
train_loss	1.564429
train_loss	1.565104
train_loss	1.566518
train_loss	1.566563
train_loss	1.567925
train_loss	1.571612
train_loss	1.582988
train_loss	1.577339
train_loss	1.572501
train_loss	1.573056
test_acc	0.241667
train_loss	1.580615
train_loss	1.585946
train_loss	1.564741
train_loss	1.568521
train_loss	1.567214
train_loss	1.561837
train_loss	1.566423
train_loss	1.560739
train_loss	1.567184
train_loss	1.567204
test_acc	0.218750
train_loss	1.562186
train_loss	1.567675
train_loss	1.555158
train_loss	1.558437
train_loss	1.561070
train_loss	1.567133
train_loss	1.562876
train_loss	1.563465
train_loss	1.563008
train_loss	1.564841
test_acc	0.272917
train_loss	1.567057
train_loss	1.570702
train_loss	1.566128
train_loss	1.570277
train_loss	1.564845
train_loss	1.571205
train_loss	1.569354
train_loss	1.572259
train_loss	1.561695
train_loss	1.562513
test_acc	0.260417
train_loss	1.567439
train_loss	1.564050
train_loss	1.566387
train_loss	1.579013
train_loss	1.562681
train_loss	1.571143
train_loss	1.557089
train_loss	1.567411
train_loss	1.584396
train_loss	1.576544
test_acc	0.287500
train_loss	1.572610
train_loss	1.559273
train_loss	1.557236
train_loss	1.561875
train_loss	1.557301
train_loss	1.564669
train_loss	1.560060
train_loss	1.570710
train_loss	1.572721
train_loss	1.570084
test_acc	0.237500
train_loss	1.594317
train_loss	1.582452
train_loss	1.570626
train_loss	1.573308
train_loss	1.560642
train_loss	1.564911
train_loss	1.566426
train_loss	1.573770
train_loss	1.577028
train_loss	1.576792
test_acc	0.247917
train_loss	1.574218
train_loss	1.563129
train_loss	1.567482
train_loss	1.569332
train_loss	1.572908
train_loss	1.570122
train_loss	1.566815
train_loss	1.576485
train_loss	1.562582
train_loss	1.560696
test_acc	0.268750
train_loss	1.573924
train_loss	1.569363
train_loss	1.565541
train_loss	1.566221
train_loss	1.565112
train_loss	1.563429
train_loss	1.575421
train_loss	1.563689
train_loss	1.564144
train_loss	1.563704
test_acc	0.252083
train_loss	1.557754
train_loss	1.564947
train_loss	1.566060
train_loss	1.559625
train_loss	1.562347
train_loss	1.562027
train_loss	1.570680
train_loss	1.563010
train_loss	1.560955
train_loss	1.564074
test_acc	0.241667
train_loss	1.559924
train_loss	1.566418
train_loss	1.562748
train_loss	1.563249
train_loss	1.562821
train_loss	1.562916
train_loss	1.560517
train_loss	1.559139
train_loss	1.577623
train_loss	1.575790
test_acc	0.225000
train_loss	1.577819
train_loss	1.577913
train_loss	1.582154
train_loss	1.570901
train_loss	1.566442
train_loss	1.566102
train_loss	1.567114
train_loss	1.560939
train_loss	1.559348
train_loss	1.567150
test_acc	0.235417
train_loss	1.572548
train_loss	1.563525
train_loss	1.569233
train_loss	1.565495
train_loss	1.561422
train_loss	1.561755
train_loss	1.564138
train_loss	1.563768
train_loss	1.578899
train_loss	1.571537
test_acc	0.195833
train_loss	1.570644
train_loss	1.575553
train_loss	1.578839
train_loss	1.575693
train_loss	1.563098
train_loss	1.562439
train_loss	1.575232
train_loss	1.564421
train_loss	1.572404
train_loss	1.561968
test_acc	0.239583
train_loss	1.562639
train_loss	1.562148
train_loss	1.561539
train_loss	1.562881
train_loss	1.566056
train_loss	1.567927
train_loss	1.566113
train_loss	1.562384
train_loss	1.563047
train_loss	1.565733
test_acc	0.264583
train_loss	1.567276
train_loss	1.560945
train_loss	1.563980
train_loss	1.568464
train_loss	1.568982
train_loss	1.557523
train_loss	1.565240
train_loss	1.571570
train_loss	1.577250
train_loss	1.563039
test_acc	0.206250
train_loss	1.568792
train_loss	1.563845
train_loss	1.563799
train_loss	1.573002
train_loss	1.567499
train_loss	1.561897
train_loss	1.562490
train_loss	1.564869
train_loss	1.564311
train_loss	1.558800
test_acc	0.262500
train_loss	1.567701
train_loss	1.562206
train_loss	1.563241
train_loss	1.575761
train_loss	1.574934
train_loss	1.588144
train_loss	1.589428
train_loss	1.585684
train_loss	1.580322
train_loss	1.567202
test_acc	0.233333
train_loss	1.577573
train_loss	1.563320
train_loss	1.558764
train_loss	1.562173
train_loss	1.568464
train_loss	1.564773
train_loss	1.561908
train_loss	1.563745
train_loss	1.565489
train_loss	1.564527
test_acc	0.312500
train_loss	1.561011
train_loss	1.565080
train_loss	1.565661
train_loss	1.569528
train_loss	1.560790
train_loss	1.558932
train_loss	1.560040
train_loss	1.559230
train_loss	1.559572
train_loss	1.562132
test_acc	0.239583
train_loss	1.560435
train_loss	1.562443
train_loss	1.564058
train_loss	1.564999
train_loss	1.555796
train_loss	1.559836
train_loss	1.560504
train_loss	1.563776
train_loss	1.560231
train_loss	1.566780
test_acc	0.245833
train_loss	1.577644
train_loss	1.574731
train_loss	1.572382
train_loss	1.572913
train_loss	1.584704
train_loss	1.579256
train_loss	1.561401
train_loss	1.566226
train_loss	1.560142
train_loss	1.571147
test_acc	0.264583
train_loss	1.567465
train_loss	1.563206
train_loss	1.571448
train_loss	1.575158
train_loss	1.566389
train_loss	1.570867
train_loss	1.563941
train_loss	1.559596
train_loss	1.568446
train_loss	1.561885
test_acc	0.214583
train_loss	1.574547
train_loss	1.560959
train_loss	1.561083
train_loss	1.562337
train_loss	1.558470
train_loss	1.556772
train_loss	1.564160
train_loss	1.558954
train_loss	1.564374
train_loss	1.558457
test_acc	0.247917
train_loss	1.562522
train_loss	1.557374
train_loss	1.566262
train_loss	1.566695
train_loss	1.589786
train_loss	1.580608
train_loss	1.564736
train_loss	1.563019
train_loss	1.560602
train_loss	1.560379
test_acc	0.252083
train_loss	1.559211
train_loss	1.562901
train_loss	1.564377
train_loss	1.560019
train_loss	1.562545
train_loss	1.558556
train_loss	1.557610
train_loss	1.566455
train_loss	1.565704
train_loss	1.578422
test_acc	0.241667
train_loss	1.571989
train_loss	1.578965
train_loss	1.566877
train_loss	1.563448
train_loss	1.559522
train_loss	1.565863
train_loss	1.568781
train_loss	1.570719
train_loss	1.563923
train_loss	1.558377
test_acc	0.260417
train_loss	1.556054
train_loss	1.565416
train_loss	1.560684
train_loss	1.561245
train_loss	1.560883
train_loss	1.569081
train_loss	1.565029
train_loss	1.563990
train_loss	1.566395
train_loss	1.569139
test_acc	0.200000
train_loss	1.568733
train_loss	1.588730
train_loss	1.567319
train_loss	1.565690
train_loss	1.567549
train_loss	1.558160
train_loss	1.559523
train_loss	1.567033
train_loss	1.563111
train_loss	1.562143
test_acc	0.266667
train_loss	1.559506
train_loss	1.561009
train_loss	1.562837
train_loss	1.566641
train_loss	1.568079
train_loss	1.560791
train_loss	1.567572
train_loss	1.557536
train_loss	1.567678
train_loss	1.565358
test_acc	0.266667
train_loss	1.573226
train_loss	1.565026
train_loss	1.568875
train_loss	1.555930
train_loss	1.560658
train_loss	1.561330
train_loss	1.565208
train_loss	1.563393
train_loss	1.564117
train_loss	1.561349
test_acc	0.260417
train_loss	1.560508
train_loss	1.559075
train_loss	1.563253
train_loss	1.563135
train_loss	1.575154
train_loss	1.578086
train_loss	1.577965
train_loss	1.593069
train_loss	1.570893
train_loss	1.563195
test_acc	0.250000
train_loss	1.570022
train_loss	1.564207
train_loss	1.565479
train_loss	1.567701
train_loss	1.561534
train_loss	1.560179
train_loss	1.570027
train_loss	1.562877
train_loss	1.573892
train_loss	1.565692
test_acc	0.293750
train_loss	1.559419
train_loss	1.561375
train_loss	1.561618
train_loss	1.568495
train_loss	1.565943
train_loss	1.565452
train_loss	1.571694
train_loss	1.567825
train_loss	1.563549
train_loss	1.566148
test_acc	0.235417
train_loss	1.569306
train_loss	1.567637
train_loss	1.566326
train_loss	1.569195
train_loss	1.559764
train_loss	1.564104
train_loss	1.565748
train_loss	1.573689
train_loss	1.569166
train_loss	1.570941
test_acc	0.279167
train_loss	1.562757
train_loss	1.562039
train_loss	1.557908
train_loss	1.565330
train_loss	1.563612
train_loss	1.561032
train_loss	1.575411
train_loss	1.565043
train_loss	1.578328
