train_loss	1.788455
test_acc	0.160417
train_loss	1.626414
train_loss	1.613509
train_loss	1.612085
train_loss	1.585752
train_loss	1.579648
train_loss	1.578053
train_loss	1.564913
train_loss	1.575138
train_loss	1.566685
train_loss	1.569447
test_acc	0.256250
train_loss	1.588023
train_loss	1.569184
train_loss	1.566486
train_loss	1.592815
train_loss	1.577708
train_loss	1.571922
train_loss	1.552627
train_loss	1.542125
train_loss	1.547474
train_loss	1.539046
test_acc	0.318750
train_loss	1.567056
train_loss	1.561844
train_loss	1.550815
train_loss	1.549533
train_loss	1.549483
train_loss	1.541426
train_loss	1.533261
train_loss	1.548705
train_loss	1.537211
train_loss	1.543821
test_acc	0.322917
train_loss	1.578472
train_loss	1.567780
train_loss	1.554645
train_loss	1.537099
train_loss	1.553596
train_loss	1.559052
train_loss	1.558804
train_loss	1.556690
train_loss	1.551069
train_loss	1.541456
test_acc	0.327083
train_loss	1.534553
train_loss	1.546962
train_loss	1.529739
train_loss	1.531734
train_loss	1.534468
train_loss	1.551013
train_loss	1.536033
train_loss	1.529665
train_loss	1.530109
train_loss	1.528602
test_acc	0.341667
train_loss	1.539679
train_loss	1.537239
train_loss	1.519970
train_loss	1.522569
train_loss	1.539802
train_loss	1.529801
train_loss	1.515279
train_loss	1.536140
train_loss	1.536797
train_loss	1.536379
test_acc	0.354167
train_loss	1.523014
train_loss	1.512222
train_loss	1.519427
train_loss	1.523958
train_loss	1.517086
train_loss	1.530893
train_loss	1.510953
train_loss	1.508866
train_loss	1.512578
train_loss	1.530958
test_acc	0.258333
train_loss	1.517251
train_loss	1.523892
train_loss	1.526930
train_loss	1.504089
train_loss	1.510256
train_loss	1.573578
train_loss	1.538767
train_loss	1.518530
train_loss	1.519884
train_loss	1.510486
test_acc	0.343750
train_loss	1.514634
train_loss	1.512981
train_loss	1.518204
train_loss	1.527598
train_loss	1.527493
train_loss	1.541108
train_loss	1.524233
train_loss	1.516287
train_loss	1.516228
train_loss	1.513016
test_acc	0.370833
train_loss	1.504091
train_loss	1.518543
train_loss	1.521115
train_loss	1.520059
train_loss	1.510411
train_loss	1.506503
train_loss	1.517414
train_loss	1.517306
train_loss	1.522980
train_loss	1.510421
test_acc	0.339583
train_loss	1.512447
train_loss	1.504032
train_loss	1.511832
train_loss	1.524629
train_loss	1.533253
train_loss	1.497874
train_loss	1.500429
train_loss	1.506543
train_loss	1.522502
train_loss	1.514949
test_acc	0.364583
train_loss	1.523695
train_loss	1.519460
train_loss	1.531100
train_loss	1.513973
train_loss	1.503034
train_loss	1.496999
train_loss	1.509029
train_loss	1.496902
train_loss	1.501974
train_loss	1.505681
test_acc	0.331250
train_loss	1.516639
train_loss	1.506901
train_loss	1.504779
train_loss	1.505259
train_loss	1.497809
train_loss	1.506060
train_loss	1.506496
train_loss	1.499582
train_loss	1.514505
train_loss	1.512790
test_acc	0.364583
train_loss	1.502356
train_loss	1.508706
train_loss	1.506656
train_loss	1.523178
train_loss	1.506154
train_loss	1.502298
train_loss	1.501385
train_loss	1.508106
train_loss	1.505094
train_loss	1.499709
test_acc	0.339583
train_loss	1.512555
train_loss	1.505726
train_loss	1.499569
train_loss	1.501446
train_loss	1.496743
train_loss	1.504287
train_loss	1.508664
train_loss	1.507166
train_loss	1.504973
train_loss	1.503470
test_acc	0.354167
train_loss	1.503978
train_loss	1.497529
train_loss	1.493626
train_loss	1.496439
train_loss	1.491592
train_loss	1.526477
train_loss	1.501988
train_loss	1.505123
train_loss	1.508063
train_loss	1.507717
test_acc	0.325000
train_loss	1.497841
train_loss	1.502510
train_loss	1.504197
train_loss	1.509287
train_loss	1.497939
train_loss	1.500205
train_loss	1.491933
train_loss	1.491601
train_loss	1.492128
train_loss	1.515810
test_acc	0.354167
train_loss	1.495132
train_loss	1.497035
train_loss	1.494805
train_loss	1.518934
train_loss	1.504000
train_loss	1.496593
train_loss	1.507792
train_loss	1.496777
train_loss	1.501155
train_loss	1.509856
test_acc	0.343750
train_loss	1.510509
train_loss	1.499283
train_loss	1.492370
train_loss	1.502908
train_loss	1.501981
train_loss	1.498302
train_loss	1.499582
train_loss	1.491246
train_loss	1.509495
train_loss	1.525337
test_acc	0.341667
train_loss	1.519694
train_loss	1.511727
train_loss	1.499069
train_loss	1.503123
train_loss	1.498175
train_loss	1.497069
train_loss	1.502126
train_loss	1.513302
train_loss	1.503739
train_loss	1.512329
test_acc	0.381250
train_loss	1.516817
train_loss	1.509613
train_loss	1.501448
train_loss	1.495075
train_loss	1.501579
train_loss	1.499621
train_loss	1.499266
train_loss	1.498056
train_loss	1.488330
train_loss	1.492585
test_acc	0.335417
train_loss	1.488022
train_loss	1.491590
train_loss	1.499867
train_loss	1.509941
train_loss	1.499276
train_loss	1.510425
train_loss	1.502426
train_loss	1.495473
train_loss	1.489220
train_loss	1.521754
test_acc	0.327083
train_loss	1.499546
train_loss	1.495484
train_loss	1.507716
train_loss	1.504675
train_loss	1.493436
train_loss	1.532569
train_loss	1.492329
train_loss	1.492457
train_loss	1.496943
train_loss	1.499244
test_acc	0.350000
train_loss	1.507110
train_loss	1.510843
train_loss	1.491105
train_loss	1.498683
train_loss	1.494398
train_loss	1.499296
train_loss	1.497405
train_loss	1.497526
train_loss	1.496943
train_loss	1.488055
test_acc	0.364583
train_loss	1.493038
train_loss	1.487701
train_loss	1.499386
train_loss	1.497627
train_loss	1.491607
train_loss	1.511917
train_loss	1.497414
train_loss	1.493804
train_loss	1.490210
train_loss	1.497467
test_acc	0.356250
train_loss	1.499710
train_loss	1.513014
train_loss	1.507909
train_loss	1.500822
train_loss	1.495891
train_loss	1.488339
train_loss	1.496102
train_loss	1.490238
train_loss	1.494081
train_loss	1.493599
test_acc	0.385417
train_loss	1.487283
train_loss	1.486140
train_loss	1.493858
train_loss	1.491923
train_loss	1.498951
train_loss	1.500542
train_loss	1.494698
train_loss	1.523382
train_loss	1.512096
train_loss	1.493814
test_acc	0.372917
train_loss	1.494335
train_loss	1.485911
train_loss	1.507711
train_loss	1.499934
train_loss	1.509986
train_loss	1.495402
train_loss	1.501840
train_loss	1.507201
train_loss	1.511739
train_loss	1.493870
test_acc	0.375000
train_loss	1.506623
train_loss	1.495191
train_loss	1.504993
train_loss	1.505483
train_loss	1.488857
train_loss	1.490486
train_loss	1.485489
train_loss	1.482868
train_loss	1.494737
train_loss	1.503668
test_acc	0.354167
train_loss	1.490098
train_loss	1.487664
train_loss	1.482199
train_loss	1.499401
train_loss	1.486116
train_loss	1.508044
train_loss	1.498782
train_loss	1.492854
train_loss	1.492351
train_loss	1.496503
test_acc	0.370833
train_loss	1.484715
train_loss	1.491708
train_loss	1.497447
train_loss	1.487763
train_loss	1.492585
train_loss	1.508152
train_loss	1.510004
train_loss	1.510633
train_loss	1.507566
train_loss	1.496087
test_acc	0.366667
train_loss	1.496846
train_loss	1.481032
train_loss	1.490498
train_loss	1.483475
train_loss	1.499551
train_loss	1.491015
train_loss	1.489090
train_loss	1.496613
train_loss	1.491094
train_loss	1.487317
test_acc	0.339583
train_loss	1.484773
train_loss	1.486165
train_loss	1.483427
train_loss	1.489064
train_loss	1.486041
train_loss	1.482447
train_loss	1.487849
train_loss	1.488676
train_loss	1.498526
train_loss	1.491263
test_acc	0.362500
train_loss	1.503613
train_loss	1.483249
train_loss	1.496285
train_loss	1.508378
train_loss	1.494826
train_loss	1.482177
train_loss	1.492200
train_loss	1.523658
train_loss	1.515362
train_loss	1.496111
test_acc	0.364583
train_loss	1.509662
train_loss	1.490382
train_loss	1.494534
train_loss	1.487199
train_loss	1.495159
train_loss	1.489455
train_loss	1.489839
train_loss	1.485965
train_loss	1.484849
train_loss	1.481596
test_acc	0.366667
train_loss	1.488391
train_loss	1.491649
train_loss	1.494137
train_loss	1.485015
train_loss	1.498135
train_loss	1.498646
train_loss	1.493906
train_loss	1.493368
train_loss	1.489645
train_loss	1.509059
test_acc	0.360417
train_loss	1.492789
train_loss	1.511268
train_loss	1.531162
train_loss	1.529068
train_loss	1.504104
train_loss	1.514861
train_loss	1.509247
train_loss	1.507722
train_loss	1.495224
train_loss	1.497890
test_acc	0.345833
train_loss	1.488737
train_loss	1.487221
train_loss	1.488915
train_loss	1.480293
train_loss	1.497033
train_loss	1.483107
train_loss	1.500771
train_loss	1.487962
train_loss	1.490072
train_loss	1.499264
test_acc	0.337500
train_loss	1.501716
train_loss	1.493808
train_loss	1.499585
train_loss	1.495422
train_loss	1.490433
train_loss	1.493121
train_loss	1.494895
train_loss	1.492138
train_loss	1.525729
train_loss	1.506141
test_acc	0.368750
train_loss	1.482509
train_loss	1.488512
train_loss	1.493015
train_loss	1.487664
train_loss	1.487814
train_loss	1.486144
train_loss	1.485395
train_loss	1.487474
train_loss	1.484367
train_loss	1.501521
test_acc	0.335417
train_loss	1.495818
train_loss	1.494217
train_loss	1.496658
train_loss	1.497430
train_loss	1.509196
train_loss	1.489514
train_loss	1.489844
train_loss	1.496609
train_loss	1.495257
train_loss	1.497787
test_acc	0.356250
train_loss	1.500598
train_loss	1.498945
train_loss	1.509109
train_loss	1.508421
train_loss	1.491305
train_loss	1.480708
train_loss	1.483662
train_loss	1.489261
train_loss	1.492412
train_loss	1.494873
test_acc	0.372917
train_loss	1.488996
train_loss	1.503260
train_loss	1.492609
train_loss	1.494249
train_loss	1.492060
train_loss	1.497366
train_loss	1.505949
train_loss	1.489275
train_loss	1.490839
train_loss	1.494282
test_acc	0.352083
train_loss	1.496750
train_loss	1.494978
train_loss	1.491114
train_loss	1.508395
train_loss	1.481123
train_loss	1.491389
train_loss	1.509726
train_loss	1.508718
train_loss	1.521914
train_loss	1.498648
test_acc	0.331250
train_loss	1.499689
train_loss	1.524838
train_loss	1.521921
train_loss	1.549273
train_loss	1.521675
train_loss	1.498874
train_loss	1.492775
train_loss	1.492929
train_loss	1.482384
train_loss	1.492504
test_acc	0.362500
train_loss	1.492148
train_loss	1.498310
train_loss	1.495109
train_loss	1.483380
train_loss	1.498287
train_loss	1.509674
train_loss	1.492825
train_loss	1.501993
train_loss	1.486654
train_loss	1.484059
test_acc	0.370833
train_loss	1.495995
train_loss	1.488005
train_loss	1.505208
train_loss	1.489921
train_loss	1.487901
train_loss	1.491894
train_loss	1.492143
train_loss	1.483124
train_loss	1.495739
train_loss	1.489747
test_acc	0.339583
train_loss	1.497654
train_loss	1.480972
train_loss	1.490204
train_loss	1.486499
train_loss	1.482005
train_loss	1.495349
train_loss	1.486364
train_loss	1.490962
train_loss	1.477033
train_loss	1.480322
test_acc	0.358333
train_loss	1.486018
train_loss	1.479361
train_loss	1.483946
train_loss	1.492508
train_loss	1.496317
train_loss	1.490624
train_loss	1.498231
train_loss	1.487713
train_loss	1.481806
train_loss	1.482774
test_acc	0.345833
train_loss	1.480665
train_loss	1.488925
train_loss	1.491146
train_loss	1.498930
train_loss	1.503791
train_loss	1.507742
train_loss	1.498761
train_loss	1.495535
train_loss	1.484450
